SF:lib\Screen\HomeScreen.dart
DA:6,1
DA:7,1
DA:14,1
DA:16,1
DA:17,1
DA:18,1
DA:19,1
DA:20,1
DA:23,1
DA:26,1
DA:28,2
DA:29,1
DA:32,1
DA:33,1
DA:44,1
DA:47,1
DA:49,1
DA:57,1
DA:67,1
DA:69,1
DA:95,0
DA:96,0
DA:97,0
DA:98,0
DA:100,0
DA:103,0
DA:104,0
DA:111,1
DA:114,1
DA:116,1
DA:117,1
DA:118,1
DA:119,1
DA:120,1
DA:122,0
DA:125,0
DA:126,0
DA:127,0
DA:128,0
DA:138,1
DA:147,0
DA:150,1
LF:42
LH:29
end_of_record
SF:lib\main.dart
DA:5,0
DA:8,0
DA:9,0
DA:10,0
DA:14,1
DA:15,0
DA:17,0
DA:19,0
DA:22,0
LF:9
LH:1
end_of_record
SF:lib\Screen\VerificationScreen.dart
DA:7,0
DA:10,0
DA:12,0
DA:13,0
DA:14,0
DA:15,0
DA:16,0
DA:19,0
DA:22,0
DA:23,0
DA:24,0
DA:27,0
DA:30,0
DA:31,0
DA:41,0
DA:42,0
DA:44,0
DA:45,0
DA:54,0
DA:95,0
DA:96,0
DA:98,0
DA:99,0
DA:100,0
DA:101,0
DA:102,0
DA:105,0
DA:108,0
DA:119,0
DA:120,0
DA:121,0
DA:122,0
DA:131,0
LF:33
LH:0
end_of_record
