SF:lib\Screen\VerificationScreen.dart
DA:6,1
DA:8,1
DA:10,1
DA:11,1
DA:12,1
DA:13,1
DA:14,1
DA:17,1
DA:20,1
DA:22,2
DA:23,1
DA:26,1
DA:29,1
DA:30,1
DA:32,1
DA:35,3
DA:37,2
DA:38,1
DA:40,1
DA:41,2
DA:44,1
DA:45,1
DA:46,1
DA:47,1
DA:51,1
DA:54,1
DA:57,3
DA:60,1
DA:61,1
DA:62,1
DA:63,1
DA:64,1
DA:65,1
DA:81,1
DA:82,1
DA:83,1
DA:84,1
DA:88,1
DA:90,1
DA:91,1
DA:92,1
DA:93,2
DA:97,2
DA:103,1
DA:112,1
DA:113,0
DA:114,0
DA:115,0
DA:116,0
DA:125,1
LF:50
LH:46
end_of_record
SF:lib\Screen\HomeScreen.dart
DA:6,1
DA:7,1
DA:14,1
DA:16,1
DA:17,1
DA:18,1
DA:20,1
DA:21,1
DA:22,1
DA:25,1
DA:28,1
DA:30,2
DA:31,1
DA:34,1
DA:35,1
DA:38,1
DA:41,3
DA:43,1
DA:44,1
DA:45,1
DA:47,3
DA:49,1
DA:51,1
DA:53,3
DA:56,1
DA:58,1
DA:59,4
DA:60,1
DA:76,4
DA:78,0
DA:79,0
DA:80,0
DA:81,0
DA:84,0
DA:85,0
DA:88,0
DA:89,0
DA:96,1
DA:99,1
DA:101,1
DA:102,1
DA:103,1
DA:104,2
DA:108,2
DA:114,1
DA:115,0
DA:116,0
DA:117,0
DA:120,1
DA:122,4
DA:127,1
DA:128,1
DA:134,4
DA:136,0
DA:139,1
DA:141,1
DA:142,4
LF:57
LH:45
end_of_record
SF:lib\main.dart
DA:5,0
DA:8,0
DA:9,0
DA:10,0
DA:14,2
DA:15,0
DA:17,0
DA:19,0
DA:30,0
LF:9
LH:1
end_of_record
